This is XeTeX, Version 3.1415926-2.2-0.9997.4 (Web2C 2010) (format=xelatex 2015.11.29)  1 JAN 2016 23:08
entering extended mode
 restricted \write18 enabled.
 %&-line parsing enabled.
**Amintoosi_CV.tex
(./Amintoosi_CV.tex
LaTeX2e <2009/09/24>
Babel <v3.8l> and hyphenation patterns for english, dumylang, nohyphenation, ge
rman-x-2009-06-19, ngerman-x-2009-06-19, ancientgreek, ibycus, arabic, armenian
, basque, bulgarian, catalan, pinyin, coptic, croatian, czech, danish, dutch, u
kenglish, usenglishmax, esperanto, estonian, farsi, finnish, french, galician, 
german, ngerman, swissgerman, monogreek, greek, hungarian, icelandic, assamese,
 bengali, gujarati, hindi, kannada, malayalam, marathi, oriya, panjabi, tamil, 
telugu, indonesian, interlingua, irish, italian, kurmanji, lao, latin, latvian,
 lithuanian, mongolian, mongolianlmc, bokmal, nynorsk, polish, portuguese, roma
nian, russian, sanskrit, serbian, slovak, slovenian, spanish, swedish, turkish,
 turkmen, ukrainian, uppersorbian, welsh, loaded.
(c:/texlive/2010/texmf-dist/tex/latex/bidi/bidimoderncv.cls
Document Class: bidimoderncv 
(c:/texlive/2010/texmf-dist/tex/latex/base/size11.clo
File: size11.clo 2007/10/19 v1.4h Standard LaTeX file (size option)
)
(c:/texlive/2010/texmf-dist/tex/latex/graphics/color.sty
Package: color 2005/11/14 v1.0j Standard LaTeX Color (DPC)

(c:/texlive/2010/texmf-dist/tex/latex/latexconfig/color.cfg
File: color.cfg 2007/01/18 v1.5 color configuration of teTeX/TeXLive
)
Package color Info: Driver file: xetex.def on input line 130.

(c:/texlive/2010/texmf-dist/tex/xelatex/xetex-def/xetex.def
File: xetex.def 2009/11/22 v0.94 LaTeX color/graphics driver for XeTeX (RRM/JK)

))
(c:/texlive/2010/texmf-dist/tex/latex/graphics/graphicx.sty
Package: graphicx 1999/02/16 v1.0f Enhanced LaTeX Graphics (DPC,SPQR)

(c:/texlive/2010/texmf-dist/tex/latex/graphics/keyval.sty
Package: keyval 1999/03/16 v1.13 key=value parser (DPC)
\KV@toks@=\toks14
)
(c:/texlive/2010/texmf-dist/tex/latex/graphics/graphics.sty
Package: graphics 2009/02/05 v1.0o Standard LaTeX Graphics (DPC,SPQR)

(c:/texlive/2010/texmf-dist/tex/latex/graphics/trig.sty
Package: trig 1999/03/16 v1.09 sin cos tan (DPC)
)
(c:/texlive/2010/texmf-dist/tex/latex/latexconfig/graphics.cfg
File: graphics.cfg 2010/04/23 v1.9 graphics configuration of TeX Live
)
Package graphics Info: Driver file: xetex.def on input line 91.
)
\Gin@req@height=\dimen102
\Gin@req@width=\dimen103
)
(c:/texlive/2010/texmf-dist/tex/latex/base/ifthen.sty
Package: ifthen 2001/05/26 v1.1c Standard LaTeX ifthen package (DPC)
)
(c:/texlive/2010/texmf-dist/tex/latex/marvosym/marvosym.sty
Package: marvosym 2006/05/11 v2.1 Martin Vogel's Symbols font definitions
)
(c:/texlive/2010/texmf-dist/tex/latex/url/url.sty
\Urlmuskip=\muskip10
Package: url 2006/04/12  ver 3.3  Verb mode for urls, etc.
)
(c:/texlive/2010/texmf-dist/tex/latex/hyperref/hyperref.sty
Package: hyperref 2010/06/18 v6.81g Hypertext links for LaTeX

(c:/texlive/2010/texmf-dist/tex/generic/oberdiek/ltxcmds.sty
Package: ltxcmds 2010/04/26 v1.7 LaTeX kernel commands for general use (HO)
)
(c:/texlive/2010/texmf-dist/tex/generic/oberdiek/kvsetkeys.sty
Package: kvsetkeys 2010/03/01 v1.9 Key value parser (HO)

(c:/texlive/2010/texmf-dist/tex/generic/oberdiek/infwarerr.sty
Package: infwarerr 2010/04/08 v1.3 Providing info/warning/message (HO)
)
(c:/texlive/2010/texmf-dist/tex/generic/oberdiek/etexcmds.sty
Package: etexcmds 2010/01/28 v1.3 Prefix for e-TeX command names (HO)
Package etexcmds Info: Could not find \expanded.
(etexcmds)             That can mean that you are not using pdfTeX 1.50 or
(etexcmds)             that some package has redefined \expanded.
(etexcmds)             In the latter case, load this package earlier.
))
(c:/texlive/2010/texmf-dist/tex/generic/oberdiek/pdfescape.sty
Package: pdfescape 2010/03/01 v1.9 Provides hex, PDF name and string conversion
s (HO)

(c:/texlive/2010/texmf-dist/tex/generic/oberdiek/pdftexcmds.sty
Package: pdftexcmds 2010/04/01 v0.9 Utility functions of pdfTeX for LuaTeX (HO)


(c:/texlive/2010/texmf-dist/tex/generic/oberdiek/ifluatex.sty
Package: ifluatex 2010/03/01 v1.3 Provides the ifluatex switch (HO)
Package ifluatex Info: LuaTeX not detected.
)
Package pdftexcmds Info: LuaTeX not detected.
Package pdftexcmds Info: pdfTeX >= 1.30 not detected.
Package pdftexcmds Info: \pdf@primitive is available.
Package pdftexcmds Info: \pdf@ifprimitive is available.
))
(c:/texlive/2010/texmf-dist/tex/generic/oberdiek/ifpdf.sty
Package: ifpdf 2010/01/28 v2.1 Provides the ifpdf switch (HO)
Package ifpdf Info: pdfTeX in pdf mode not detected.
)
(c:/texlive/2010/texmf-dist/tex/generic/oberdiek/ifvtex.sty
Package: ifvtex 2010/03/01 v1.5 Switches for detecting VTeX and its modes (HO)
Package ifvtex Info: VTeX not detected.
)
(c:/texlive/2010/texmf-dist/tex/generic/ifxetex/ifxetex.sty
Package: ifxetex 2009/01/23 v0.5 Provides ifxetex conditional
)
(c:/texlive/2010/texmf-dist/tex/latex/oberdiek/hycolor.sty
Package: hycolor 2009/12/12 v1.6 Color options of hyperref/bookmark (HO)

(c:/texlive/2010/texmf-dist/tex/latex/oberdiek/xcolor-patch.sty
Package: xcolor-patch 2009/12/12 xcolor patch
))
(c:/texlive/2010/texmf-dist/tex/latex/oberdiek/letltxmacro.sty
Package: letltxmacro 2008/06/24 v1.3 Let assignment for LaTeX macros (HO)
)
\@linkdim=\dimen104
\Hy@linkcounter=\count80
\Hy@pagecounter=\count81

(c:/texlive/2010/texmf-dist/tex/latex/hyperref/pd1enc.def
File: pd1enc.def 2010/06/18 v6.81g Hyperref: PDFDocEncoding definition (HO)
)
(c:/texlive/2010/texmf-dist/tex/generic/oberdiek/intcalc.sty
Package: intcalc 2007/09/27 v1.1 Expandable integer calculations (HO)
)
(c:/texlive/2010/texmf-dist/tex/xelatex/xetexconfig/hyperref.cfg
File: hyperref.cfg 2008/07/11 v1.2 hyperref configuration for XeLaTeX
)
(c:/texlive/2010/texmf-dist/tex/latex/oberdiek/kvoptions.sty
Package: kvoptions 2010/02/22 v3.7 Keyval support for LaTeX options (HO)
)
Package hyperref Info: Hyper figures OFF on input line 3658.
Package hyperref Info: Link nesting OFF on input line 3663.
Package hyperref Info: Hyper index ON on input line 3666.
Package hyperref Info: Plain pages OFF on input line 3673.
Package hyperref Info: Backreferencing OFF on input line 3678.

Implicit mode ON; LaTeX internals redefined
Package hyperref Info: Bookmarks ON on input line 3874.
LaTeX Info: Redefining \url on input line 4159.
(c:/texlive/2010/texmf-dist/tex/generic/oberdiek/bitset.sty
Package: bitset 2007/09/28 v1.0 Data type bit set (HO)

(c:/texlive/2010/texmf-dist/tex/generic/oberdiek/bigintcalc.sty
Package: bigintcalc 2007/11/11 v1.1 Expandable big integer calculations (HO)
))
\Fld@menulength=\count82
\Field@Width=\dimen105
\Fld@charsize=\dimen106
\Field@toks=\toks15
Package hyperref Info: Hyper figures OFF on input line 5137.
Package hyperref Info: Link nesting OFF on input line 5142.
Package hyperref Info: Hyper index ON on input line 5145.
Package hyperref Info: backreferencing OFF on input line 5152.
Package hyperref Info: Link coloring OFF on input line 5157.
Package hyperref Info: Link coloring with OCG OFF on input line 5162.
Package hyperref Info: PDF/A mode OFF on input line 5167.
LaTeX Info: Redefining \ref on input line 5207.
LaTeX Info: Redefining \pageref on input line 5211.

(c:/texlive/2010/texmf-dist/tex/generic/oberdiek/atbegshi.sty
Package: atbegshi 2010/03/25 v1.12 At begin shipout hook (HO)
)

Package hyperref Warning: Option `pdfpagelabels' is turned off
(hyperref)                because \thepage is undefined.

\c@Item=\count83
\c@Hfootnote=\count84
)
* hyperref using default driver hxetex *
(c:/texlive/2010/texmf-dist/tex/latex/hyperref/hxetex.def
File: hxetex.def 2010/06/18 v6.81g Hyperref driver for XeTeX

(c:/texlive/2010/texmf-dist/tex/latex/hyperref/puenc.def
File: puenc.def 2010/06/18 v6.81g Hyperref: PDF Unicode definition (HO)
)
(c:/texlive/2010/texmf-dist/tex/generic/oberdiek/stringenc.sty
Package: stringenc 2010/03/01 v1.8 Converts strings between encodings (HO)
)
\pdfm@box=\box26
\c@Hy@AnnotLevel=\count85
\HyField@AnnotCount=\count86
\Fld@listcount=\count87
\c@bookmark@seq@number=\count88

(c:/texlive/2010/texmf-dist/tex/latex/oberdiek/rerunfilecheck.sty
Package: rerunfilecheck 2010/03/16 v1.6 Rerun checks for auxiliary files (HO)
Package rerunfilecheck Info: Feature \pdfmdfivesum is not available
(rerunfilecheck)             (e.g. pdfTeX or LuaTeX with package `pdftexcmds').

(rerunfilecheck)             Therefore file contents cannot be checked efficien
tly
(rerunfilecheck)             and the loading of the package is aborted.
)
\Hy@SectionHShift=\skip41
)
Package hyperref Info: Option `breaklinks' set `true' on input line 64.

(c:/texlive/2010/texmf-dist/tex/latex/fancyhdr/fancyhdr.sty
\fancy@headwidth=\skip42
\f@ncyO@elh=\skip43
\f@ncyO@erh=\skip44
\f@ncyO@olh=\skip45
\f@ncyO@orh=\skip46
\f@ncyO@elf=\skip47
\f@ncyO@erf=\skip48
\f@ncyO@olf=\skip49
\f@ncyO@orf=\skip50
)
\quotewidth=\skip51
\hintscolumnwidth=\skip52
\separatorcolumnwidth=\skip53
\maincolumnwidth=\skip54
\doubleitemmaincolumnwidth=\skip55
\listitemsymbolwidth=\skip56
LaTeX Font Info:    Try loading font information for OMS+cmr on input line 147.


(c:/texlive/2010/texmf-dist/tex/latex/base/omscmr.fd
File: omscmr.fd 1999/05/25 v2.5h Standard LaTeX font definitions
)
LaTeX Font Info:    Font shape `OMS/cmr/m/n' in size <10.95> not available
(Font)              Font shape `OMS/cmsy/m/n' tried instead on input line 147.
\listitemmaincolumnwidth=\skip57
\listdoubleitemmaincolumnwidth=\skip58
\bibindent=\skip59
)
(c:/texlive/2010/texmf-dist/tex/latex/natbib/natbib.sty
Package: natbib 2009/11/07 8.31a (PWD, AO)
\bibhang=\skip60
\bibsep=\skip61
LaTeX Info: Redefining \cite on input line 694.
\c@NAT@ctr=\count89
)
(c:/texlive/2010/texmf-dist/tex/latex/psnfss/pifont.sty
Package: pifont 2005/04/12 PSNFSS-v9.2a Pi font support (SPQR) 
LaTeX Font Info:    Try loading font information for U+pzd on input line 63.

(c:/texlive/2010/texmf-dist/tex/latex/psnfss/upzd.fd
File: upzd.fd 2001/06/04 font definitions for U/pzd.
)
LaTeX Font Info:    Try loading font information for U+psy on input line 64.

(c:/texlive/2010/texmf-dist/tex/latex/psnfss/upsy.fd
File: upsy.fd 2001/06/04 font definitions for U/psy.
))
(c:/texlive/2010/texmf-dist/tex/xelatex/xepersian/xepersian.sty
Package: xepersian 2010/07/25 v1.0.9 <commit 23> Persian typesetting in XeLaTeX


(c:/texlive/2010/texmf-dist/tex/latex/fontspec/fontspec.sty
Package: fontspec 2010/07/14 v2.0b Advanced font selection for XeLaTeX/LuaLaTeX


(c:/texlive/2010/texmf-dist/tex/latex/expl3/expl3.sty
(c:/texlive/2010/texmf-dist/tex/latex/expl3/l3names.sty
Package: l3names 2010/07/11 v1981 L3 Experimental Naming Scheme for TeX Primiti
ves
)
Package: expl3 2010/07/13 v1982 L3 Experimental code bundle wrapper

(c:/texlive/2010/texmf-dist/tex/latex/etex-pkg/etex.sty
Package: etex 1998/03/26 v2.0 eTeX basic definition package (PEB)
\et@xins=\count90
)
(c:/texlive/2010/texmf-dist/tex/latex/expl3/l3basics.sty
Package: l3basics 2010/06/07 v1942 L3 Experimental basic definitions
)
(c:/texlive/2010/texmf-dist/tex/latex/expl3/l3expan.sty
Package: l3expan 2010/06/10 v1948 L3 Experimental Argument Expansion module
)
(c:/texlive/2010/texmf-dist/tex/latex/expl3/l3tl.sty
Package: l3tl 2010/05/22 v1919 L3 Experimental Token Lists
)
(c:/texlive/2010/texmf-dist/tex/latex/expl3/l3intexpr.sty
Package: l3intexpr 2010/06/15 v1957 L3 Integer Expressions
)
(c:/texlive/2010/texmf-dist/tex/latex/expl3/l3quark.sty
Package: l3quark 2010/03/21 v1853 L3 Experimental Quark Commands
)
(c:/texlive/2010/texmf-dist/tex/latex/expl3/l3seq.sty
Package: l3seq 2010/03/29 v1879 L3 Experimental sequences and stacks
)
(c:/texlive/2010/texmf-dist/tex/latex/expl3/l3toks.sty
Package: l3toks 2010/05/25 v1933 L3 Experimental Token Registers
\l_tmpb_toks=\toks16
\l_tmpc_toks=\toks17
\g_tmpa_toks=\toks18
\g_tmpb_toks=\toks19
\g_tmpc_toks=\toks20
\c_empty_toks=\toks21
\l_tl_replace_toks=\toks22
)
(c:/texlive/2010/texmf-dist/tex/latex/expl3/l3int.sty
Package: l3int 2010/05/25 v1933 L3 Experimental Integer module
\l_tmpa_int=\count91
\l_tmpb_int=\count92
\l_tmpc_int=\count93
\g_tmpa_int=\count94
\g_tmpb_int=\count95
\c_max_int=\count96
\g_tl_inline_level_int=\count97
)
(c:/texlive/2010/texmf-dist/tex/latex/expl3/l3prg.sty
Package: l3prg 2010/03/21 v1853 L3 Experimental control structures
\g_prg_inline_level_int=\count98
)
(c:/texlive/2010/texmf-dist/tex/latex/expl3/l3clist.sty
Package: l3clist 2010/03/29 v1878 L3 Experimental comma separated lists
\g_clist_inline_level_int=\count99
)
(c:/texlive/2010/texmf-dist/tex/latex/expl3/l3token.sty
Package: l3token 2010/04/11 v1890 L3 Experimental token investigation and manip
ulation
)
(c:/texlive/2010/texmf-dist/tex/latex/expl3/l3prop.sty
Package: l3prop 2010/03/21 v1857 L3 Experimental Property Lists
\g_prop_inline_level_int=\count100
)
(c:/texlive/2010/texmf-dist/tex/latex/expl3/l3msg.sty
Package: l3msg 2010/03/23 v1866 L3 Experimental LaTeX Messages module
\l_msg_redirect_classes_prop=\toks23
\l_msg_redirect_names_prop=\toks24
\l_msg_redirect_fatal_prop=\toks25
\l_msg_redirect_error_prop=\toks26
\l_msg_redirect_warning_prop=\toks27
\l_msg_redirect_info_prop=\toks28
\l_msg_redirect_log_prop=\toks29
\l_msg_redirect_trace_prop=\toks30
\l_msg_redirect_none_prop=\toks31
)
(c:/texlive/2010/texmf-dist/tex/latex/expl3/l3io.sty
Package: l3io 2010/05/22 v1923 L3 Experimental i/o module
\g_iow_streams_prop=\toks32
\g_ior_streams_prop=\toks33
\l_iow_stream_int=\count101
)
(c:/texlive/2010/texmf-dist/tex/latex/expl3/l3skip.sty
Package: l3skip 2010/05/25 v1933 L3 Experimental skip registers
\l_tmpa_skip=\skip62
\l_tmpb_skip=\skip63
\l_tmpc_skip=\skip64
\g_tmpa_skip=\skip65
\g_tmpb_skip=\skip66
\l_tmpa_dim=\dimen107
\l_tmpb_dim=\dimen108
\l_tmpc_dim=\dimen109
\l_tmpd_dim=\dimen110
\g_tmpa_dim=\dimen111
\g_tmpb_dim=\dimen112
)
(c:/texlive/2010/texmf-dist/tex/latex/expl3/l3box.sty
Package: l3box 2010/05/22 v1919 L3 Experimental Box module
\l_tmpb_box=\box27
)
(c:/texlive/2010/texmf-dist/tex/latex/expl3/l3keyval.sty
Package: l3keyval 2010/04/11 v1890 L3 Experimental keyval processing
\l_KV_level_int=\count102
)
(c:/texlive/2010/texmf-dist/tex/latex/expl3/l3keys.sty
Package: l3keys 2010/05/24 v1931 L3 Experimental key-value support
\l_keys_choice_int=\count103
)
(c:/texlive/2010/texmf-dist/tex/latex/expl3/l3precom.sty
Package: l3precom 2010/02/09 v1793 L3 Experimental precompilation module
\g_gen_sym_int=\count104
\g_ggen_sym_int=\count105
)
(c:/texlive/2010/texmf-dist/tex/latex/expl3/l3xref.sty
Package: l3xref 2010/02/09 v1786 L3 Experimental cross referencing
\g_xref_all_curr_immediate_fields_prop=\toks34
\g_xref_all_curr_deferred_fields_prop=\toks35
)
(c:/texlive/2010/texmf-dist/tex/latex/expl3/l3file.sty
Package: l3file 2010/03/21 v1853 L3 Experimental file loading
)
(c:/texlive/2010/texmf-dist/tex/latex/expl3/l3fp.sty
Package: l3fp 2010/07/08 v1979 L3 Experimental floating-point operations
\l_fp_input_a_integer_int=\count106
\l_fp_input_a_decimal_int=\count107
\l_fp_input_b_integer_int=\count108
\l_fp_input_b_decimal_int=\count109
\l_fp_input_a_sign_int=\count110
\l_fp_input_b_sign_int=\count111
\l_fp_split_sign_int=\count112
\l_fp_mul_a_i_int=\count113
\l_fp_mul_a_ii_int=\count114
\l_fp_mul_a_iii_int=\count115
\l_fp_mul_a_iv_int=\count116
\l_fp_mul_a_v_int=\count117
\l_fp_mul_a_vi_int=\count118
\l_fp_mul_b_i_int=\count119
\l_fp_mul_b_ii_int=\count120
\l_fp_mul_b_iii_int=\count121
\l_fp_mul_b_iv_int=\count122
\l_fp_mul_b_v_int=\count123
\l_fp_mul_b_vi_int=\count124
\l_fp_mul_output_int=\count125
\l_fp_div_count_int=\count126
\l_fp_div_offset_int=\count127
\l_fp_output_sign_int=\count128
\l_fp_output_integer_int=\count129
\l_fp_output_decimal_int=\count130
\l_fp_round_discard_int=\count131
\l_fp_round_position_int=\count132
\l_fp_tmp_int=\count133
\c_one_hundred_million=\count134
\c_one_thousand_million=\count135
\l_fp_tmp_dim=\dimen113
\l_fp_round_precision_int=\count136
)
(c:/texlive/2010/texmf-dist/tex/latex/tools/calc.sty
Package: calc 2007/08/22 v4.3 Infix arithmetic (KKT,FJ)
\calc@Acount=\count137
\calc@Bcount=\count138
\calc@Adimen=\dimen114
\calc@Bdimen=\dimen115
\calc@Askip=\skip67
\calc@Bskip=\skip68
LaTeX Info: Redefining \setlength on input line 76.
LaTeX Info: Redefining \addtolength on input line 77.
\calc@Ccount=\count139
\calc@Cskip=\skip69
))
(c:/texlive/2010/texmf-dist/tex/latex/xpackages/xbase/xparse.sty
Package: xparse 2010/05/23 v1927 Generic document command parser
\c_xparse_shorthands_prop=\toks36
\l_xparse_m_args_int=\count140
\l_xparse_mandatory_args_int=\count141
\l_xparse_processor_int=\count142
\l_xparse_total_args_int=\count143
)
(c:/texlive/2010/texmf-dist/tex/generic/kastrup/binhex.tex)
\c@zf@newff=\count144
\c@zf@index=\count145
\c@zf@script=\count146
\c@zf@language=\count147
\l_fontspec_strnum_int=\count148

(c:/texlive/2010/texmf-dist/tex/latex/xkeyval/xkeyval.sty
Package: xkeyval 2008/08/13 v2.6a package option processing (HA)

(c:/texlive/2010/texmf-dist/tex/generic/xkeyval/xkeyval.tex
\XKV@toks=\toks37
\XKV@tempa@toks=\toks38
\XKV@depth=\count149
File: xkeyval.tex 2008/08/13 v2.6a key=value parser (HA)
))
(c:/texlive/2010/texmf-dist/tex/latex/fontspec/fontspec-patches.sty
Package: fontspec-patches 2010/07/14 v2.0b Advanced font selection for XeLaTeX/
LuaLaTeX

(c:/texlive/2010/texmf-dist/tex/latex/base/fixltx2e.sty
Package: fixltx2e 2006/09/13 v1.1m fixes to LaTeX
LaTeX Info: Redefining \em on input line 420.
)
LaTeX Info: Redefining \em on input line 23.
LaTeX Info: Redefining \emph on input line 27.
LaTeX Info: Redefining \- on input line 30.
)
(c:/texlive/2010/texmf-dist/tex/latex/base/fontenc.sty
Package: fontenc 2005/09/27 v1.99g Standard LaTeX package

(c:/texlive/2010/texmf-dist/tex/latex/euenc/eu1enc.def
File: eu1enc.def 2010/05/27 v0.1g Experimental Unicode font encodings
)
LaTeX Font Info:    Try loading font information for EU1+lmr on input line 100.


(c:/texlive/2010/texmf-dist/tex/latex/euenc/eu1lmr.fd
File: eu1lmr.fd 2009/10/30 v1.6 Font defs for Latin Modern
))
 LaTeX Info: Defining document command \fontspec
(LaTeX)  with arg. spec. 'O{}m' on line 264.

 LaTeX Info: Defining document command \setmainfont
(LaTeX)  with arg. spec. 'O{}m' on line 268.

 LaTeX Info: Defining document command \setsansfont
(LaTeX)  with arg. spec. 'O{}m' on line 272.

 LaTeX Info: Defining document command \setmonofont
(LaTeX)  with arg. spec. 'O{}m' on line 276.

 LaTeX Info: Defining document command \setmathrm
(LaTeX)  with arg. spec. 'O{}m' on line 280.

 LaTeX Info: Defining document command \setboldmathrm
(LaTeX)  with arg. spec. 'O{}m' on line 283.

 LaTeX Info: Defining document command \setmathsf
(LaTeX)  with arg. spec. 'O{}m' on line 286.

 LaTeX Info: Defining document command \setmathtt
(LaTeX)  with arg. spec. 'O{}m' on line 289.

 LaTeX Info: Defining document command \newfontfamily
(LaTeX)  with arg. spec. 'mO{}m' on line 304.

 LaTeX Info: Defining document command \newfontface
(LaTeX)  with arg. spec. 'mO{}m' on line 307.

 LaTeX Info: Defining document command \defaultfontfeatures
(LaTeX)  with arg. spec. 'm' on line 308.

 LaTeX Info: Defining document command \addfontfeatures
(LaTeX)  with arg. spec. 'm' on line 325.

 LaTeX Info: Defining document command \newfontfeature
(LaTeX)  with arg. spec. 'mm' on line 334.

 LaTeX Info: Defining document command \newAATfeature
(LaTeX)  with arg. spec. 'mmmm' on line 343.

 LaTeX Info: Defining document command \newICUfeature
(LaTeX)  with arg. spec. 'mmm' on line 352.

 LaTeX Info: Defining document command \aliasfontfeature
(LaTeX)  with arg. spec. 'mm' on line 354.

 LaTeX Info: Defining document command \aliasfontfeatureoption
(LaTeX)  with arg. spec. 'mmm' on line 357.

 LaTeX Info: Defining document command \newfontscript
(LaTeX)  with arg. spec. 'mm' on line 362.

 LaTeX Info: Defining document command \newfontlanguage
(LaTeX)  with arg. spec. 'mm' on line 379.

 LaTeX Info: Defining document command \DeclareFontsExtensions
(LaTeX)  with arg. spec. 'm' on line 395.

\c@fontspec_tmp_int=\count150
LaTeX Info: Redefining \itshape on input line 1903.
LaTeX Info: Redefining \slshape on input line 1907.
LaTeX Info: Redefining \scshape on input line 1911.
LaTeX Info: Redefining \upshape on input line 1915.

fontspec.cfg loaded.
(c:/texlive/2010/texmf-dist/tex/latex/fontspec/fontspec.cfg))
(c:/texlive/2010/texmf-dist/tex/xelatex/xepersian/xepersian-persiancal.sty
Package: xepersian-persiancal 2010/07/25 v0.1 provides Persian calendar
\XePersian@i=\count151
\XePersian@y=\count152
\XePersian@m=\count153
\XePersian@d=\count154
\XePersian@latini=\count155
\XePersian@persiani=\count156
\XePersian@latinii=\count157
\XePersian@persianii=\count158
\XePersian@latiniii=\count159
\XePersian@persianiii=\count160
\XePersian@latiniv=\count161
\XePersian@persianiv=\count162
\XePersian@latinv=\count163
\XePersian@persianv=\count164
\XePersian@latinvi=\count165
\XePersian@persianvi=\count166
\XePersian@latinvii=\count167
\XePersian@persianvii=\count168
\XePersian@latinviii=\count169
\XePersian@persianviii=\count170
\XePersian@latinix=\count171
\XePersian@persianix=\count172
\XePersian@latinx=\count173
\XePersian@persianx=\count174
\XePersian@latinxi=\count175
\XePersian@persianxi=\count176
\XePersian@latinxii=\count177
\XePersian@persianxii=\count178
\XePersian@persianxiii=\count179
\XePersian@temp=\count180
\XePersian@temptwo=\count181
\XePersian@tempthree=\count182
\XePersian@yModHundred=\count183
\XePersian@thirtytwo=\count184
\XePersian@dn=\count185
\XePersian@sn=\count186
\XePersian@mminusone=\count187
)
(c:/texlive/2010/texmf-dist/tex/xelatex/xepersian/xepersian-mathsdigitspec.sty
Package: xepersian-mathsdigitspec 2010/07/25 v0.6 Unicode Persian maths digits 
in XeLaTeX
) (c:/texlive/2010/texmf-dist/tex/latex/etoolbox/etoolbox.sty
Package: etoolbox 2010/04/10 v1.9 e-TeX tools for LaTeX
\etb@tempcnta=\count188
)
(c:/texlive/2010/texmf-dist/tex/latex/bidi/bidi.sty
Package: bidi 2010/07/25 v1.1.4a <commit 77> Bidirectional typesetting in plain
 TeX and LaTeX

bidi package (Support for bidirectional typesetting in plain TeX and LaTeX)
 Description: A convenient interface for typesetting bidirectional
 texts in plain TeX and LaTeX. The package includes adaptations for use
 with many other commonly-used packages.
 Copyright © 2009-2010 Vafa Khalighi
 v1.1.4a, <commit 77>, 2010/07/25
 License: LaTeX Project Public License, version 1.3c or higher (your choice)
 Home: http://bitbucket.org/vafa/bidi
 Location on CTAN: /macros/latex/contrib/bidi
(c:/texlive/2010/texmf-dist/tex/generic/iftex/iftex.sty
Package: iftex 2010/07/25 v0.2 Provides if(tex) conditional for PDFTeX, XeTeX, 
and LuaTeX
)
(c:/texlive/2010/texmf-dist/tex/latex/bidi/loadingorder-bidi.def
File: loadingorder-bidi.def 2010/07/25 v0.5 making sure that bidi is the last p
ackage loaded
)
(c:/texlive/2010/texmf-dist/tex/latex/bidi/xetex-bidi.def
File: xetex-bidi.def 2010/07/25 v0.7 bidi adaptations for XeTeX engine
\n@everypar=\toks39

(c:/texlive/2010/texmf-dist/tex/latex/bidi/footnote-xetex-bidi.def
File: footnote-xetex-bidi.def 2010/07/25 v0.5 bidi footnote macros for XeTeX en
gine
)
(c:/texlive/2010/texmf-dist/tex/latex/bidi/color-xetex-bidi.def
File: color-xetex-bidi.def 2010/07/25 v0.1 bidi adaptations for color package f
or XeTeX engine
LaTeX Info: Redefining \color on input line 19.
)
(c:/texlive/2010/texmf-dist/tex/latex/bidi/graphicx-xetex-bidi.def
File: graphicx-xetex-bidi.def 2010/07/25 v0.3 bidi adaptations for graphicx pac
kage for XeTeX engine
)
(c:/texlive/2010/texmf-dist/tex/latex/bidi/hyperref-xetex-bidi.def
File: hyperref-xetex-bidi.def 2010/07/25 v0.4 bidi adaptations for hyperref pac
kage for XeTeX engine
)
(c:/texlive/2010/texmf-dist/tex/latex/bidi/fancyhdr-xetex-bidi.def
File: fancyhdr-xetex-bidi.def 2010/07/25 v0.2 bidi adaptations for fancyhdr pac
kage for XeTeX engine
)))
xepersian package (Persian for LaTeX over XeTeX)
 Description: The package supports Persian
 typesetting, using fonts provided in the distribution.
 Copyright © 2008-2010 Vafa Khalighi
 v1.0.9, <commit 23>, 2010/07/25
 License: LaTeX Project Public License, version 1.3c or higher (your choice)
 Home: http://bitbucket.org/vafa/xepersian
 Location on CTAN: /macros/xetex/latex/xepersian

(c:/texlive/2010/texmf-dist/tex/xelatex/xepersian/loadingorder-bidi-xepersian.d
ef
File: loadingorder-bidi-xepersian.def 2010/07/25 v0.2 making sure that xepersia
n is the last package loaded
)
(c:/texlive/2010/texmf-dist/tex/xelatex/xepersian/footnote-bidi-xepersian.def
File: footnote-bidi-xepersian.def 2010/07/25 v0.2 footnote macros for xepersian
 package
)
(c:/texlive/2010/texmf-dist/tex/xelatex/xepersian/hyperref-xepersian.def
File: hyperref-xepersian.def 2010/07/25 v0.3 bilingual captions for hyperref pa
ckage
)
(c:/texlive/2010/texmf-dist/tex/xelatex/xepersian/bidimoderncv-xepersian.def
File: bidimoderncv-xepersian.def 2010/07/25 v0.1 adaptations for bidimoderncv c
lass
))
\c@zf@famc@XB Zar=\count189
 fontspec Info: Defining font family for 'XB Zar' with options [Script=Parsi,La
nguage=Parsi,Mapping=parsidigits,Scale=1].

Package fontspec Info: Defining shape m/n with raw font features:
(fontspec)             mapping=parsidigits;.
Package fontspec Info: Defining shape bx/n with raw font features:
(fontspec)             mapping=parsidigits;.
Package fontspec Info: Defining shape m/it with raw font features:
(fontspec)             mapping=parsidigits;.
Package fontspec Info: Defining shape bx/it with raw font features:
(fontspec)             mapping=parsidigits;.
LaTeX Font Info:    Font shape `EU1/XBZar(0)/m/n' will be
(Font)              scaled to size 10.0pt on input line 20.
\c@zf@famc@Linux Libertine=\count190
 fontspec Info: Defining font family for 'Linux Libertine' with options [Mappin
g=tex-text,Scale=1].

Package fontspec Info: Defining shape m/n with raw font features:
(fontspec)             mapping=tex-text;.
Package fontspec Info: Defining shape m/sc with raw font features:
(fontspec)             mapping=tex-text;.
Package fontspec Info: Defining shape bx/n with raw font features:
(fontspec)             mapping=tex-text;.
Package fontspec Info: Defining shape bx/sc with raw font features:
(fontspec)             mapping=tex-text;.
Package fontspec Info: Defining shape m/it with raw font features:
(fontspec)             mapping=tex-text;.
Package fontspec Info: Defining shape m/si with raw font features:
(fontspec)             mapping=tex-text;.
Package fontspec Info: Defining shape bx/it with raw font features:
(fontspec)             mapping=tex-text;.

 fontspec Warning: Language 'Parsi' not available
(fontspec)  for font 'IranNastaliq'
(fontspec)  with script 'Parsi'.

\c@zf@famc@IranNastaliq=\count191
 fontspec Info: Defining font family for 'IranNastaliq' with options [Script=Pa
rsi,Language=Parsi,Mapping=parsidigits,Scale=1.2].

Package fontspec Info: Defining shape m/n with raw font features:
(fontspec)             mapping=parsidigits;.
 fontspec Info: Could not resolve font IranNastaliq/B (it probably doesn't exis
t).

 fontspec Info: Could not resolve font IranNastaliq/I (it probably doesn't exis
t).

 fontspec Info: Could not resolve font IranNastaliq/BI (it probably doesn't exi
st).

No file Amintoosi_CV.aux.
\openout1 = `Amintoosi_CV.aux'.

LaTeX Font Info:    Checking defaults for OML/cmm/m/it on input line 37.
LaTeX Font Info:    ... okay on input line 37.
LaTeX Font Info:    Checking defaults for T1/cmr/m/n on input line 37.
LaTeX Font Info:    ... okay on input line 37.
LaTeX Font Info:    Checking defaults for OT1/cmr/m/n on input line 37.
LaTeX Font Info:    ... okay on input line 37.
LaTeX Font Info:    Checking defaults for OMS/cmsy/m/n on input line 37.
LaTeX Font Info:    ... okay on input line 37.
LaTeX Font Info:    Checking defaults for OMX/cmex/m/n on input line 37.
LaTeX Font Info:    ... okay on input line 37.
LaTeX Font Info:    Checking defaults for U/cmr/m/n on input line 37.
LaTeX Font Info:    ... okay on input line 37.
LaTeX Font Info:    Checking defaults for PD1/pdf/m/n on input line 37.
LaTeX Font Info:    ... okay on input line 37.
LaTeX Font Info:    Checking defaults for PU/pdf/m/n on input line 37.
LaTeX Font Info:    ... okay on input line 37.
LaTeX Font Info:    Checking defaults for EU1/lmr/m/n on input line 37.
LaTeX Font Info:    ... okay on input line 37.
LaTeX Font Info:    Font shape `EU1/XBZar(0)/m/n' will be
(Font)              scaled to size 10.95pt on input line 37.
\AtBeginShipoutBox=\box28
Package hyperref Info: Link coloring OFF on input line 37.
(c:/texlive/2010/texmf-dist/tex/latex/hyperref/nameref.sty
Package: nameref 2010/04/30 v2.40 Cross-referencing by name of section

(c:/texlive/2010/texmf-dist/tex/latex/oberdiek/refcount.sty
Package: refcount 2008/08/11 v3.1 Data extraction from references (HO)
)
(c:/texlive/2010/texmf-dist/tex/generic/oberdiek/gettitlestring.sty
Package: gettitlestring 2009/12/18 v1.3 Cleanup title references (HO)
)
\c@section@level=\count192
)
LaTeX Info: Redefining \ref on input line 37.
LaTeX Info: Redefining \pageref on input line 37.
LaTeX Info: Redefining \nameref on input line 37.
\@outlinefile=\write3
\openout3 = `Amintoosi_CV.out'.


(c:/texlive/2010/texmf-dist/tex/latex/bidi/cvthemebidiclassic.sty
Package: cvthemebidiclassic 
Package color Info: Redefining color sectionrectanglecolor on input line 33.
\maketitlenamemaxwidth=\skip70
\maketitlenamefullwidth=\skip71
LaTeX Font Info:    Font shape `EU1/XBZar(0)/m/n' will be
(Font)              scaled to size 34.0pt on input line 71.
 fontspec Info: Defining font family for 'XB Zar' with options [Script=Parsi,La
nguage=Parsi,Mapping=parsidigits,Scale=1,Color=].

Package fontspec Info: Defining shape m/n with raw font features:
(fontspec)             mapping=parsidigits;color=FF;.
Package fontspec Info: Defining shape bx/n with raw font features:
(fontspec)             mapping=parsidigits;color=FF;.
Package fontspec Info: Defining shape m/it with raw font features:
(fontspec)             mapping=parsidigits;color=FF;.
Package fontspec Info: Defining shape bx/it with raw font features:
(fontspec)             mapping=parsidigits;color=FF;.
LaTeX Font Info:    Font shape `EU1/XBZar(1)/m/n' will be
(Font)              scaled to size 34.0pt on input line 71.
Unknown feature `color=FF' in font `XB Zar'.
\maketitlenamewidth=\skip72
\maketitlepicturewidth=\skip73
\maketitledetailswidth=\skip74
)
(c:/texlive/2010/texmf-dist/tex/generic/oberdiek/se-ascii-print.def
File: se-ascii-print.def 2010/03/01 v1.8 stringenc: Printable ASCII characters
)
Package xepersian Info: “You have not specified any font for the digits in ma
ths mode and so the digits in maths mode will appear Latin. If you would like t
o have Persian digits in maths mode, then please specify a font for the digits 
in maths mode by using \setdigitfont CS, and then try to run xelatex on your do
cument again” on input line 37.
LaTeX Font Info:    Font shape `EU1/XBZar(0)/m/n' will be
(Font)              scaled to size 17.28pt on input line 39.
LaTeX Font Info:    Font shape `EU1/XBZar(0)/m/sl' in size <17.28> not availabl
e
(Font)              Font shape `EU1/XBZar(0)/m/it' tried instead on input line 
39.
LaTeX Font Info:    Font shape `EU1/XBZar(0)/m/it' will be
(Font)              scaled to size 17.28pt on input line 39.
 fontspec Info: Defining font family for 'XB Zar' with options [Script=Parsi,La
nguage=Parsi,Mapping=parsidigits,Scale=1,Color=808080].

Package fontspec Info: Defining shape m/n with raw font features:
(fontspec)             mapping=parsidigits;color=808080FF;.
Package fontspec Info: Defining shape bx/n with raw font features:
(fontspec)             mapping=parsidigits;color=808080FF;.
Package fontspec Info: Defining shape m/it with raw font features:
(fontspec)             mapping=parsidigits;color=808080FF;.
Package fontspec Info: Defining shape bx/it with raw font features:
(fontspec)             mapping=parsidigits;color=808080FF;.
LaTeX Font Info:    Font shape `EU1/XBZar(2)/m/sl' in size <17.28> not availabl
e
(Font)              Font shape `EU1/XBZar(2)/m/it' tried instead on input line 
39.
LaTeX Font Info:    Font shape `EU1/XBZar(2)/m/it' will be
(Font)              scaled to size 17.28pt on input line 39.
LaTeX Font Info:    Font shape `EU1/XBZar(0)/m/sl' in size <10.95> not availabl
e
(Font)              Font shape `EU1/XBZar(0)/m/it' tried instead on input line 
39.
LaTeX Font Info:    Font shape `EU1/XBZar(0)/m/it' will be
(Font)              scaled to size 10.95pt on input line 39.
 fontspec Info: Defining font family for 'XB Zar' with options [Script=Parsi,La
nguage=Parsi,Mapping=parsidigits,Scale=1,Color=696969].

Package fontspec Info: Defining shape m/n with raw font features:
(fontspec)             mapping=parsidigits;color=696969FF;.
Package fontspec Info: Defining shape bx/n with raw font features:
(fontspec)             mapping=parsidigits;color=696969FF;.
Package fontspec Info: Defining shape m/it with raw font features:
(fontspec)             mapping=parsidigits;color=696969FF;.
Package fontspec Info: Defining shape bx/it with raw font features:
(fontspec)             mapping=parsidigits;color=696969FF;.
LaTeX Font Info:    Font shape `EU1/XBZar(3)/m/sl' in size <10.95> not availabl
e
(Font)              Font shape `EU1/XBZar(3)/m/it' tried instead on input line 
39.
LaTeX Font Info:    Font shape `EU1/XBZar(3)/m/it' will be
(Font)              scaled to size 10.95pt on input line 39.
LaTeX Font Info:    Try loading font information for U+mvs on input line 39.

(c:/texlive/2010/texmf-dist/tex/latex/marvosym/umvs.fd)
File: mAmintoosi.PNG Graphic file (type QTm)

<use  "mAmintoosi.PNG" >
Overfull \hbox (6.79999pt too wide) in paragraph at lines 39--39
[][][][]| [][][][] [][][]
 []


Underfull \hbox (badness 10000) in paragraph at lines 39--39
[][][][][][]
 []

LaTeX Font Info:    External font `cmex10' loaded for size
(Font)              <10.95> on input line 40.
LaTeX Font Info:    External font `cmex10' loaded for size
(Font)              <8> on input line 40.
LaTeX Font Info:    External font `cmex10' loaded for size
(Font)              <6> on input line 40.
LaTeX Font Info:    Font shape `EU1/XBZar(0)/m/n' will be
(Font)              scaled to size 14.4pt on input line 40.
 fontspec Info: Defining font family for 'XB Zar' with options [Script=Parsi,La
nguage=Parsi,Mapping=parsidigits,Scale=1,Color=1E90FF].

Package fontspec Info: Defining shape m/n with raw font features:
(fontspec)             mapping=parsidigits;color=1E90FFFF;.
Package fontspec Info: Defining shape bx/n with raw font features:
(fontspec)             mapping=parsidigits;color=1E90FFFF;.
Package fontspec Info: Defining shape m/it with raw font features:
(fontspec)             mapping=parsidigits;color=1E90FFFF;.
Package fontspec Info: Defining shape bx/it with raw font features:
(fontspec)             mapping=parsidigits;color=1E90FFFF;.
LaTeX Font Info:    Font shape `EU1/XBZar(4)/m/n' will be
(Font)              scaled to size 14.4pt on input line 40.
LaTeX Font Info:    Font shape `EU1/XBZar(0)/bx/n' will be
(Font)              scaled to size 10.95pt on input line 41.

Underfull \hbox (badness 10000) in paragraph at lines 40--42
[][]
 []


Underfull \hbox (badness 10000) in paragraph at lines 43--47
[][]
 []

LaTeX Font Info:    Font shape `EU1/LinuxLibertine(0)/m/n' will be
(Font)              scaled to size 10.95pt on input line 49.
LaTeX Font Info:    Font shape `EU1/LinuxLibertine(0)/m/n' will be
(Font)              scaled to size 10.0pt on input line 49.

Overfull \hbox (47.35614pt too wide) in paragraph at lines 49--49
[][]\U/pzd/m/n/10.95 HHHN [] HHHN []| []
 []


Overfull \hbox (47.88171pt too wide) in paragraph at lines 50--50
[][]\U/pzd/m/n/10.95 HHMI [] HHMI []| []
 []


Overfull \hbox (47.50943pt too wide) in paragraph at lines 51--51
[][]\U/pzd/m/n/10.95 HHNI [] HHNI []| []
 []


Overfull \hbox (47.66272pt too wide) in paragraph at lines 52--52
[][]\U/pzd/m/n/10.95 HHLI [] HHLI []| []
 []


Overfull \hbox (47.66272pt too wide) in paragraph at lines 53--53
[][]\U/pzd/m/n/10.95 HHII [] HHII []| []
 []


Underfull \hbox (badness 10000) in paragraph at lines 48--55
[][]
 []

LaTeX Font Info:    Try loading font information for OMS+XBZar(0) on input line
 58.
LaTeX Font Info:    No file OMSXBZar(0).fd. on input line 58.

LaTeX Font Warning: Font shape `OMS/XBZar(0)/m/n' undefined
(Font)              using `OMS/cmsy/m/n' instead
(Font)              for symbol `textbullet' on input line 58.

LaTeX Font Info:    Font shape `EU1/XBZar(0)/m/it' will be
(Font)              scaled to size 10.0pt on input line 58.

Underfull \hbox (badness 10000) in paragraph at lines 57--63
[][]
 []

LaTeX Font Info:    Font shape `EU1/XBZar(0)/m/n' will be
(Font)              scaled to size 12.0pt on input line 69.
 fontspec Info: Defining font family for 'XB Zar' with options [Script=Parsi,La
nguage=Parsi,Mapping=parsidigits,Scale=1,Color=4682B4].

Package fontspec Info: Defining shape m/n with raw font features:
(fontspec)             mapping=parsidigits;color=4682B4FF;.
Package fontspec Info: Defining shape bx/n with raw font features:
(fontspec)             mapping=parsidigits;color=4682B4FF;.
Package fontspec Info: Defining shape m/it with raw font features:
(fontspec)             mapping=parsidigits;color=4682B4FF;.
Package fontspec Info: Defining shape bx/it with raw font features:
(fontspec)             mapping=parsidigits;color=4682B4FF;.
LaTeX Font Info:    Font shape `EU1/XBZar(5)/m/n' will be
(Font)              scaled to size 12.0pt on input line 69.

Underfull \hbox (badness 10000) in paragraph at lines 65--76
[][]
 []

[1

]
Underfull \hbox (badness 10000) in paragraph at lines 78--88
[][]
 []


Underfull \hbox (badness 10000) in paragraph at lines 89--90
[][]
 []

LaTeX Font Info:    Font shape `EU1/LinuxLibertine(0)/m/n' will be
(Font)              scaled to size 8.0pt on input line 92.
LaTeX Font Info:    Font shape `EU1/LinuxLibertine(0)/m/it' will be
(Font)              scaled to size 8.0pt on input line 92.
LaTeX Font Info:    External font `cmex10' loaded for size
(Font)              <7> on input line 94.
LaTeX Font Info:    External font `cmex10' loaded for size
(Font)              <5> on input line 94.
LaTeX Font Info:    Font shape `EU1/LinuxLibertine(0)/m/n' will be
(Font)              scaled to size 7.0pt on input line 94.

Underfull \hbox (badness 10000) in paragraph at lines 103--106
[][]
 []


Underfull \hbox (badness 10000) in paragraph at lines 111--112
[][]
 []

[2]
No file Amintoosi_CV.bbl.

Underfull \hbox (badness 10000) in paragraph at lines 122--127
[][]
 []

[3] (./Amintoosi_CV.aux)

LaTeX Font Warning: Some font shapes were not available, defaults substituted.


LaTeX Warning: Label(s) may have changed. Rerun to get cross-references right.

 ) 
Here is how much of TeX's memory you used:
 14317 strings out of 494541
 245414 string characters out of 3160200
 362601 words of memory out of 3000000
 17241 multiletter control sequences out of 15000+200000
 7894 words of font info for 77 fonts, out of 3000000 for 9000
 669 hyphenation exceptions out of 8191
 45i,15n,67p,864b,400s stack positions out of 5000i,500n,10000p,200000b,50000s

Output written on Amintoosi_CV.pdf (3 pages).
