mktextfm IranNastaliq
mktextfm IranNastaliq
mktextfm IranNastaliq
mktextfm IranNastaliq/BI
mktextfm IranNastaliq
mktextfm IranNastaliq/B
mktextfm IranNastaliq
mktextfm IranNastaliq/I
mktextfm IranNastaliq
mktextfm IranNastaliq
mktextfm Yas
mktextfm Yas
mktextfm Yas
mktextfm Yas/BI
mktextfm Yas
mktextfm Yas/B
mktextfm Yas
mktextfm Yas/I
mktextfm Yas
mktextfm Yas
mktextfm Yas
mktextfm IranNastaliq
mktextfm IranNastaliq
mktextfm IranNastaliq
mktextfm IranNastaliq/BI
mktextfm IranNastaliq
mktextfm IranNastaliq/B
mktextfm IranNastaliq
mktextfm IranNastaliq/I
mktextfm IranNastaliq
mktextfm IranNastaliq
mktextfm Yas
mktextfm Yas
mktextfm Yas
mktextfm Yas
mktextfm Yas/BI
mktextfm Yas
mktextfm Yas/B
mktextfm Yas
mktextfm Yas/I
mktextfm Yas
mktextfm Yas
mktextfm Yas
mktextfm Yas
mktextfm Yas
mktextfm Yas
mktextfm Yas
mktextfm Yas
mktextfm Yas
mktextfm Yas
mktextfm Yas
mktextfm Yas
mktextfm Yas
mktextfm Yas/BI
mktextfm Yas
mktextfm Yas/B
mktextfm Yas
mktextfm Yas/I
mktextfm Yas
mktextfm Yas
mktextfm Yas
mktextfm Yas
mktextfm Yas
mktextfm Yas
mktextfm Yas/BI
mktextfm Yas
mktextfm Yas/B
mktextfm Yas
mktextfm Yas/I
mktextfm Yas
mktextfm Yas
mktextfm Yas
mktextfm Yas
mktextfm Yas
mktextfm Yas
mktextfm Yas
mktextfm Yas/BI
mktextfm Yas
mktextfm Yas/B
mktextfm Yas
mktextfm Yas/I
mktextfm Yas
mktextfm Yas
mktextfm Yas
mktextfm Yas
mktextfm Yas
mktextfm Yas
mktextfm Yas
mktextfm Yas
mktextfm Yas
mktextfm Yas
mktextfm Yas
mktextfm Yas
mktextfm Yas
mktextfm Yas
mktextfm Yas
mktextfm Yas
mktextfm Yas
mktextfm Yas
mktextfm Yas
mktextfm Yas
mktextfm Yas
mktextfm Yas
mktextfm Yas
mktextfm Yas
mktextfm Yas
mktextfm Yas
mktextfm Yas
mktextfm Yas
mktextfm Yas
mktextfm Yas/BI
mktextfm Yas
mktextfm Yas/B
mktextfm Yas
mktextfm Yas/I
mktextfm Yas
mktextfm Yas
mktextfm Yas
mktextfm IranNastaliq
mktextfm IranNastaliq
mktextfm IranNastaliq
mktextfm IranNastaliq/BI
mktextfm IranNastaliq
mktextfm IranNastaliq/B
mktextfm IranNastaliq
mktextfm IranNastaliq/I
mktextfm IranNastaliq
mktextfm IranNastaliq
mktextfm Yas
mktextfm Yas
mktextfm Yas
mktextfm Yas
mktextfm Yas/BI
mktextfm Yas
mktextfm Yas/B
mktextfm Yas
mktextfm Yas/I
mktextfm Yas
mktextfm Yas
mktextfm Yas
mktextfm Yas
mktextfm Yas
mktextfm Yas
mktextfm Yas
mktextfm Yas
mktextfm Yas
mktextfm Yas
mktextfm Yas
mktextfm Yas
mktextfm Yas
mktextfm Yas/BI
mktextfm Yas
mktextfm Yas/B
mktextfm Yas
mktextfm Yas/I
mktextfm Yas
mktextfm Yas
mktextfm Yas
mktextfm Yas
mktextfm Yas
mktextfm Yas
mktextfm Yas/BI
mktextfm Yas
mktextfm Yas/B
mktextfm Yas
mktextfm Yas/I
mktextfm Yas
mktextfm Yas
mktextfm Yas
mktextfm Yas
mktextfm Yas
mktextfm Yas
mktextfm Yas
mktextfm Yas/BI
mktextfm Yas
mktextfm Yas/B
mktextfm Yas
mktextfm Yas/I
mktextfm Yas
mktextfm Yas
mktextfm Yas
mktextfm Yas
mktextfm Yas
mktextfm Yas
mktextfm Yas
mktextfm Yas
mktextfm Yas
mktextfm Yas
mktextfm Yas
mktextfm Yas
mktextfm Yas
mktextfm Yas
mktextfm Yas
mktextfm Yas
mktextfm Yas
mktextfm Yas
mktextfm Yas
mktextfm Yas
mktextfm Yas
mktextfm Yas
mktextfm Yas
mktextfm Yas
mktextfm Yas
mktextfm Yas
mktextfm IranNastaliq
mktextfm IranNastaliq
mktextfm IranNastaliq
mktextfm IranNastaliq/BI
mktextfm IranNastaliq
mktextfm IranNastaliq/B
mktextfm IranNastaliq
mktextfm IranNastaliq/I
mktextfm IranNastaliq
mktextfm IranNastaliq
